{"D:\\Universidad__del_Cauca\\8vo Semestre\\Proyecto I\\Joyeria KOB\\joyeria-kob-backend\\src\\features\\categories\\services\\category.service.ts": {"path":"D:\\Universidad__del_Cauca\\8vo Semestre\\Proyecto I\\Joyeria KOB\\joyeria-kob-backend\\src\\features\\categories\\services\\category.service.ts","all":false,"statementMap":{"0":{"start":{"line":1,"column":0},"end":{"line":1,"column":50}},"1":{"start":{"line":2,"column":0},"end":{"line":2,"column":48}},"2":{"start":{"line":3,"column":0},"end":{"line":3,"column":0}},"3":{"start":{"line":4,"column":0},"end":{"line":4,"column":35}},"4":{"start":{"line":5,"column":0},"end":{"line":5,"column":15}},"5":{"start":{"line":6,"column":0},"end":{"line":6,"column":15}},"6":{"start":{"line":7,"column":0},"end":{"line":7,"column":23}},"7":{"start":{"line":8,"column":0},"end":{"line":8,"column":27}},"8":{"start":{"line":9,"column":0},"end":{"line":9,"column":2}},"9":{"start":{"line":10,"column":0},"end":{"line":10,"column":0}},"10":{"start":{"line":11,"column":0},"end":{"line":11,"column":63}},"11":{"start":{"line":12,"column":0},"end":{"line":12,"column":0}},"12":{"start":{"line":13,"column":0},"end":{"line":13,"column":48}},"13":{"start":{"line":14,"column":0},"end":{"line":14,"column":26}},"14":{"start":{"line":15,"column":0},"end":{"line":15,"column":23}},"15":{"start":{"line":16,"column":0},"end":{"line":16,"column":2}},"16":{"start":{"line":17,"column":0},"end":{"line":17,"column":0}},"17":{"start":{"line":18,"column":0},"end":{"line":18,"column":48}},"18":{"start":{"line":19,"column":0},"end":{"line":19,"column":17}},"19":{"start":{"line":20,"column":0},"end":{"line":20,"column":53}},"20":{"start":{"line":21,"column":0},"end":{"line":21,"column":10}},"21":{"start":{"line":22,"column":0},"end":{"line":22,"column":32}},"22":{"start":{"line":23,"column":0},"end":{"line":23,"column":21}},"23":{"start":{"line":24,"column":0},"end":{"line":24,"column":22}},"24":{"start":{"line":25,"column":0},"end":{"line":25,"column":58}},"25":{"start":{"line":26,"column":0},"end":{"line":26,"column":4}},"26":{"start":{"line":27,"column":0},"end":{"line":27,"column":2}},"27":{"start":{"line":28,"column":0},"end":{"line":28,"column":0}},"28":{"start":{"line":29,"column":0},"end":{"line":29,"column":79}},"29":{"start":{"line":30,"column":0},"end":{"line":30,"column":41}},"30":{"start":{"line":31,"column":0},"end":{"line":31,"column":29}},"31":{"start":{"line":32,"column":0},"end":{"line":32,"column":14}},"32":{"start":{"line":33,"column":0},"end":{"line":33,"column":19}},"33":{"start":{"line":34,"column":0},"end":{"line":34,"column":21}},"34":{"start":{"line":35,"column":0},"end":{"line":35,"column":6}},"35":{"start":{"line":36,"column":0},"end":{"line":36,"column":5}},"36":{"start":{"line":37,"column":0},"end":{"line":37,"column":2}},"37":{"start":{"line":38,"column":0},"end":{"line":38,"column":0}},"38":{"start":{"line":39,"column":0},"end":{"line":39,"column":38}},"39":{"start":{"line":40,"column":0},"end":{"line":40,"column":13}},"40":{"start":{"line":41,"column":0},"end":{"line":41,"column":45}},"41":{"start":{"line":42,"column":0},"end":{"line":42,"column":43}},"42":{"start":{"line":43,"column":0},"end":{"line":43,"column":18}},"43":{"start":{"line":44,"column":0},"end":{"line":44,"column":46}},"44":{"start":{"line":45,"column":0},"end":{"line":45,"column":5}},"45":{"start":{"line":46,"column":0},"end":{"line":46,"column":2}},"46":{"start":{"line":47,"column":0},"end":{"line":47,"column":0}},"47":{"start":{"line":48,"column":0},"end":{"line":48,"column":37}},"48":{"start":{"line":49,"column":0},"end":{"line":49,"column":28}},"49":{"start":{"line":50,"column":0},"end":{"line":50,"column":25}},"50":{"start":{"line":51,"column":0},"end":{"line":51,"column":39}},"51":{"start":{"line":52,"column":0},"end":{"line":52,"column":9}},"52":{"start":{"line":53,"column":0},"end":{"line":53,"column":5}},"53":{"start":{"line":54,"column":0},"end":{"line":54,"column":2}},"54":{"start":{"line":55,"column":0},"end":{"line":55,"column":0}},"55":{"start":{"line":56,"column":0},"end":{"line":56,"column":37}},"56":{"start":{"line":57,"column":0},"end":{"line":57,"column":13}},"57":{"start":{"line":58,"column":0},"end":{"line":58,"column":28}},"58":{"start":{"line":59,"column":0},"end":{"line":59,"column":38}},"59":{"start":{"line":60,"column":0},"end":{"line":60,"column":39}},"60":{"start":{"line":61,"column":0},"end":{"line":61,"column":18}},"61":{"start":{"line":62,"column":0},"end":{"line":62,"column":9}},"62":{"start":{"line":63,"column":0},"end":{"line":63,"column":46}},"63":{"start":{"line":64,"column":0},"end":{"line":64,"column":5}},"64":{"start":{"line":65,"column":0},"end":{"line":65,"column":2}},"65":{"start":{"line":66,"column":0},"end":{"line":66,"column":0}},"66":{"start":{"line":67,"column":0},"end":{"line":67,"column":71}},"67":{"start":{"line":68,"column":0},"end":{"line":68,"column":55}},"68":{"start":{"line":69,"column":0},"end":{"line":69,"column":28}},"69":{"start":{"line":70,"column":0},"end":{"line":70,"column":5}},"70":{"start":{"line":71,"column":0},"end":{"line":71,"column":0}},"71":{"start":{"line":72,"column":0},"end":{"line":72,"column":20}},"72":{"start":{"line":73,"column":0},"end":{"line":73,"column":45}},"73":{"start":{"line":74,"column":0},"end":{"line":74,"column":3}},"74":{"start":{"line":75,"column":0},"end":{"line":75,"column":0}},"75":{"start":{"line":76,"column":0},"end":{"line":76,"column":7}},"76":{"start":{"line":77,"column":0},"end":{"line":77,"column":34}},"77":{"start":{"line":78,"column":0},"end":{"line":78,"column":20}},"78":{"start":{"line":79,"column":0},"end":{"line":79,"column":7}},"79":{"start":{"line":80,"column":0},"end":{"line":80,"column":16}},"80":{"start":{"line":81,"column":0},"end":{"line":81,"column":28}},"81":{"start":{"line":82,"column":0},"end":{"line":82,"column":75}},"82":{"start":{"line":83,"column":0},"end":{"line":83,"column":19}},"83":{"start":{"line":84,"column":0},"end":{"line":84,"column":5}},"84":{"start":{"line":85,"column":0},"end":{"line":85,"column":0}},"85":{"start":{"line":86,"column":0},"end":{"line":86,"column":16}},"86":{"start":{"line":87,"column":0},"end":{"line":87,"column":3}},"87":{"start":{"line":88,"column":0},"end":{"line":88,"column":2}},"88":{"start":{"line":89,"column":0},"end":{"line":89,"column":0}},"89":{"start":{"line":90,"column":0},"end":{"line":90,"column":3}},"90":{"start":{"line":91,"column":0},"end":{"line":91,"column":82}},"91":{"start":{"line":92,"column":0},"end":{"line":92,"column":52}},"92":{"start":{"line":93,"column":0},"end":{"line":93,"column":77}},"93":{"start":{"line":94,"column":0},"end":{"line":94,"column":56}},"94":{"start":{"line":95,"column":0},"end":{"line":95,"column":3}},"95":{"start":{"line":96,"column":0},"end":{"line":96,"column":50}},"96":{"start":{"line":97,"column":0},"end":{"line":97,"column":15}},"97":{"start":{"line":98,"column":0},"end":{"line":98,"column":38}},"98":{"start":{"line":99,"column":0},"end":{"line":99,"column":32}},"99":{"start":{"line":100,"column":0},"end":{"line":100,"column":36}},"100":{"start":{"line":101,"column":0},"end":{"line":101,"column":12}},"101":{"start":{"line":102,"column":0},"end":{"line":102,"column":17}},"102":{"start":{"line":103,"column":0},"end":{"line":103,"column":25}},"103":{"start":{"line":104,"column":0},"end":{"line":104,"column":6}},"104":{"start":{"line":105,"column":0},"end":{"line":105,"column":5}},"105":{"start":{"line":106,"column":0},"end":{"line":106,"column":2}},"106":{"start":{"line":107,"column":0},"end":{"line":107,"column":0}},"107":{"start":{"line":108,"column":0},"end":{"line":108,"column":3}},"108":{"start":{"line":109,"column":0},"end":{"line":109,"column":66}},"109":{"start":{"line":110,"column":0},"end":{"line":110,"column":49}},"110":{"start":{"line":111,"column":0},"end":{"line":111,"column":51}},"111":{"start":{"line":112,"column":0},"end":{"line":112,"column":3}},"112":{"start":{"line":113,"column":0},"end":{"line":113,"column":42}},"113":{"start":{"line":114,"column":0},"end":{"line":114,"column":19}},"114":{"start":{"line":115,"column":0},"end":{"line":115,"column":40}},"115":{"start":{"line":116,"column":0},"end":{"line":116,"column":41}},"116":{"start":{"line":117,"column":0},"end":{"line":117,"column":24}},"117":{"start":{"line":118,"column":0},"end":{"line":118,"column":29}},"118":{"start":{"line":119,"column":0},"end":{"line":119,"column":14}},"119":{"start":{"line":120,"column":0},"end":{"line":120,"column":19}},"120":{"start":{"line":121,"column":0},"end":{"line":121,"column":21}},"121":{"start":{"line":122,"column":0},"end":{"line":122,"column":6}},"122":{"start":{"line":123,"column":0},"end":{"line":123,"column":5}},"123":{"start":{"line":124,"column":0},"end":{"line":124,"column":2}}},"s":{"0":1,"1":1,"2":1,"3":1,"4":1,"5":1,"6":1,"7":1,"8":1,"9":1,"10":1,"11":1,"12":1,"13":1,"14":1,"15":1,"16":1,"17":1,"18":6,"19":6,"20":6,"21":6,"22":6,"23":6,"24":3,"25":6,"26":6,"27":1,"28":1,"29":2,"30":2,"31":2,"32":2,"33":2,"34":2,"35":2,"36":2,"37":1,"38":1,"39":2,"40":2,"41":2,"42":2,"43":2,"44":2,"45":2,"46":1,"47":1,"48":1,"49":1,"50":1,"51":1,"52":1,"53":1,"54":1,"55":1,"56":2,"57":2,"58":2,"59":2,"60":2,"61":2,"62":2,"63":2,"64":2,"65":1,"66":1,"67":4,"68":4,"69":4,"70":4,"71":4,"72":1,"73":1,"74":3,"75":3,"76":3,"77":3,"78":3,"79":1,"80":4,"81":2,"82":1,"83":1,"84":1,"85":1,"86":1,"87":4,"88":1,"89":1,"90":1,"91":1,"92":1,"93":1,"94":1,"95":1,"96":2,"97":2,"98":2,"99":2,"100":2,"101":2,"102":2,"103":2,"104":2,"105":2,"106":1,"107":1,"108":1,"109":1,"110":1,"111":1,"112":1,"113":2,"114":2,"115":2,"116":2,"117":2,"118":2,"119":2,"120":2,"121":2,"122":2,"123":2},"branchMap":{"0":{"type":"branch","line":18,"loc":{"start":{"line":18,"column":47},"end":{"line":27,"column":2}},"locations":[{"start":{"line":18,"column":47},"end":{"line":27,"column":2}}]},"1":{"type":"branch","line":23,"loc":{"start":{"line":23,"column":18},"end":{"line":24,"column":19}},"locations":[{"start":{"line":23,"column":18},"end":{"line":24,"column":19}}]},"2":{"type":"branch","line":24,"loc":{"start":{"line":24,"column":19},"end":{"line":25,"column":58}},"locations":[{"start":{"line":24,"column":19},"end":{"line":25,"column":58}}]},"3":{"type":"branch","line":29,"loc":{"start":{"line":29,"column":32},"end":{"line":37,"column":2}},"locations":[{"start":{"line":29,"column":32},"end":{"line":37,"column":2}}]},"4":{"type":"branch","line":39,"loc":{"start":{"line":39,"column":31},"end":{"line":46,"column":2}},"locations":[{"start":{"line":39,"column":31},"end":{"line":46,"column":2}}]},"5":{"type":"branch","line":48,"loc":{"start":{"line":48,"column":30},"end":{"line":54,"column":2}},"locations":[{"start":{"line":48,"column":30},"end":{"line":54,"column":2}}]},"6":{"type":"branch","line":56,"loc":{"start":{"line":56,"column":30},"end":{"line":65,"column":2}},"locations":[{"start":{"line":56,"column":30},"end":{"line":65,"column":2}}]},"7":{"type":"branch","line":67,"loc":{"start":{"line":67,"column":30},"end":{"line":88,"column":2}},"locations":[{"start":{"line":67,"column":30},"end":{"line":88,"column":2}}]},"8":{"type":"branch","line":72,"loc":{"start":{"line":72,"column":19},"end":{"line":74,"column":3}},"locations":[{"start":{"line":72,"column":19},"end":{"line":74,"column":3}}]},"9":{"type":"branch","line":75,"loc":{"start":{"line":75,"column":-2},"end":{"line":79,"column":7}},"locations":[{"start":{"line":75,"column":-2},"end":{"line":79,"column":7}}]},"10":{"type":"branch","line":80,"loc":{"start":{"line":80,"column":-2},"end":{"line":81,"column":11}},"locations":[{"start":{"line":80,"column":-2},"end":{"line":81,"column":11}}]},"11":{"type":"branch","line":81,"loc":{"start":{"line":81,"column":4},"end":{"line":87,"column":3}},"locations":[{"start":{"line":81,"column":4},"end":{"line":87,"column":3}}]},"12":{"type":"branch","line":82,"loc":{"start":{"line":82,"column":74},"end":{"line":87,"column":3}},"locations":[{"start":{"line":82,"column":74},"end":{"line":87,"column":3}}]},"13":{"type":"branch","line":96,"loc":{"start":{"line":96,"column":43},"end":{"line":106,"column":2}},"locations":[{"start":{"line":96,"column":43},"end":{"line":106,"column":2}}]},"14":{"type":"branch","line":113,"loc":{"start":{"line":113,"column":35},"end":{"line":124,"column":2}},"locations":[{"start":{"line":113,"column":35},"end":{"line":124,"column":2}}]}},"b":{"0":[6],"1":[5],"2":[3],"3":[2],"4":[2],"5":[1],"6":[2],"7":[4],"8":[1],"9":[3],"10":[1],"11":[2],"12":[1],"13":[2],"14":[2]},"fnMap":{"0":{"name":"isPrismaClientKnownRequestError","decl":{"start":{"line":18,"column":47},"end":{"line":27,"column":2}},"loc":{"start":{"line":18,"column":47},"end":{"line":27,"column":2}},"line":18},"1":{"name":"getAllCategories","decl":{"start":{"line":29,"column":32},"end":{"line":37,"column":2}},"loc":{"start":{"line":29,"column":32},"end":{"line":37,"column":2}},"line":29},"2":{"name":"getCategoryById","decl":{"start":{"line":39,"column":31},"end":{"line":46,"column":2}},"loc":{"start":{"line":39,"column":31},"end":{"line":46,"column":2}},"line":39},"3":{"name":"createCategory","decl":{"start":{"line":48,"column":30},"end":{"line":54,"column":2}},"loc":{"start":{"line":48,"column":30},"end":{"line":54,"column":2}},"line":48},"4":{"name":"updateCategory","decl":{"start":{"line":56,"column":30},"end":{"line":65,"column":2}},"loc":{"start":{"line":56,"column":30},"end":{"line":65,"column":2}},"line":56},"5":{"name":"deleteCategory","decl":{"start":{"line":67,"column":30},"end":{"line":88,"column":2}},"loc":{"start":{"line":67,"column":30},"end":{"line":88,"column":2}},"line":67},"6":{"name":"findCategoryByNameAndParent","decl":{"start":{"line":96,"column":43},"end":{"line":106,"column":2}},"loc":{"start":{"line":96,"column":43},"end":{"line":106,"column":2}},"line":96},"7":{"name":"getCategoryChildren","decl":{"start":{"line":113,"column":35},"end":{"line":124,"column":2}},"loc":{"start":{"line":113,"column":35},"end":{"line":124,"column":2}},"line":113}},"f":{"0":6,"1":2,"2":2,"3":1,"4":2,"5":4,"6":2,"7":2}}
}
